[2021-11-13 22:07:59.015] [exthost] [info] Extension host with pid 5971 started
[2021-11-13 22:07:59.016] [exthost] [info] Skipping acquiring lock for /home/redes/Escritorio/tarea2-sd/tarea1-sd/~/.vscode-root/User/workspaceStorage/ff63ce6f469806ab1f5dc09eb2aec786.
[2021-11-13 22:07:59.661] [exthost] [info] ExtensionService#_doActivateExtension vscode.microsoft-authentication, startup: false, activationEvent: 'onAuthenticationRequest:microsoft'
[2021-11-13 22:07:59.726] [exthost] [info] ExtensionService#_doActivateExtension vscode.debug-auto-launch, startup: true, activationEvent: '*'
[2021-11-13 22:07:59.739] [exthost] [info] ExtensionService#_doActivateExtension vscode.git, startup: true, activationEvent: '*', root cause: vscode.github
[2021-11-13 22:07:59.801] [exthost] [info] ExtensionService#_doActivateExtension vscode.npm, startup: true, activationEvent: 'workspaceContains:package.json'
[2021-11-13 22:08:00.503] [exthost] [info] ExtensionService#_doActivateExtension vscode.github, startup: true, activationEvent: '*'
[2021-11-13 22:08:00.757] [exthost] [info] ExtensionService#_doActivateExtension vscode.github-authentication, startup: false, activationEvent: 'onAuthenticationRequest:github'
[2021-11-13 22:08:00.901] [exthost] [info] ExtensionService#_doActivateExtension CoenraadS.bracket-pair-colorizer-2, startup: false, activationEvent: 'onStartupFinished'
[2021-11-13 22:08:02.017] [exthost] [info] Eager extensions activated
[2021-11-13 22:08:02.035] [exthost] [info] ExtensionService#_doActivateExtension vscode.merge-conflict, startup: false, activationEvent: 'onStartupFinished'
[2021-11-13 22:08:06.701] [exthost] [info] ExtensionService#_doActivateExtension vscode.typescript-language-features, startup: false, activationEvent: 'onLanguage:javascript'
[2021-11-13 22:08:36.857] [exthost] [warning] [Decorations] CAPPING events from decorations provider vscode.git 287
[2021-11-13 22:08:50.690] [exthost] [warning] [Decorations] CAPPING events from decorations provider vscode.git 287
[2021-11-13 22:10:33.618] [exthost] [warning] [Decorations] CAPPING events from decorations provider vscode.git 288
[2021-11-13 22:13:17.758] [exthost] [warning] [Decorations] CAPPING events from decorations provider vscode.git 288
[2021-11-13 22:15:18.561] [exthost] [warning] [Decorations] CAPPING events from decorations provider vscode.git 288
[2021-11-13 22:15:26.754] [exthost] [warning] [Decorations] CAPPING events from decorations provider vscode.git 288
[2021-11-13 22:15:38.529] [exthost] [warning] [Decorations] CAPPING events from decorations provider vscode.git 288
[2021-11-13 22:16:32.256] [exthost] [warning] [Decorations] CAPPING events from decorations provider vscode.git 288
[2021-11-13 22:16:37.323] [exthost] [warning] [Decorations] CAPPING events from decorations provider vscode.git 288
[2021-11-13 22:17:48.675] [exthost] [warning] [Decorations] CAPPING events from decorations provider vscode.git 288
[2021-11-13 22:20:27.561] [exthost] [warning] [Decorations] CAPPING events from decorations provider vscode.git 289
[2021-11-13 22:20:38.316] [exthost] [warning] [Decorations] CAPPING events from decorations provider vscode.git 290
[2021-11-13 22:21:10.857] [exthost] [warning] [Decorations] CAPPING events from decorations provider vscode.git 290
[2021-11-13 22:22:05.618] [exthost] [warning] [Decorations] CAPPING events from decorations provider vscode.git 290
[2021-11-13 22:22:56.878] [exthost] [warning] [Decorations] CAPPING events from decorations provider vscode.git 290
[2021-11-13 22:23:29.557] [exthost] [warning] [Decorations] CAPPING events from decorations provider vscode.git 290
[2021-11-13 22:25:39.417] [exthost] [warning] [Decorations] CAPPING events from decorations provider vscode.git 290
[2021-11-13 22:29:19.889] [exthost] [warning] [Decorations] CAPPING events from decorations provider vscode.git 290
[2021-11-13 22:33:12.568] [exthost] [warning] [Decorations] CAPPING events from decorations provider vscode.git 290
[2021-11-13 22:42:08.663] [exthost] [warning] [Decorations] CAPPING events from decorations provider vscode.git 290
[2021-11-13 22:42:17.999] [exthost] [warning] [Decorations] CAPPING events from decorations provider vscode.git 291
[2021-11-13 22:42:23.073] [exthost] [warning] [Decorations] CAPPING events from decorations provider vscode.git 291
[2021-11-13 22:43:13.712] [exthost] [warning] [Decorations] CAPPING events from decorations provider vscode.git 291
[2021-11-13 22:44:13.908] [exthost] [warning] [Decorations] CAPPING events from decorations provider vscode.git 290
[2021-11-13 22:45:37.970] [exthost] [warning] [Decorations] CAPPING events from decorations provider vscode.git 290
[2021-11-13 23:03:42.078] [exthost] [warning] [Decorations] CAPPING events from decorations provider vscode.git 290
[2021-11-13 23:11:11.620] [exthost] [warning] [Decorations] CAPPING events from decorations provider vscode.git 292
[2021-11-13 23:12:21.468] [exthost] [warning] [Decorations] CAPPING events from decorations provider vscode.git 292
[2021-11-13 23:13:01.693] [exthost] [warning] [Decorations] CAPPING events from decorations provider vscode.git 292
[2021-11-13 23:15:01.874] [exthost] [warning] [Decorations] CAPPING events from decorations provider vscode.git 293
[2021-11-13 23:15:55.893] [exthost] [warning] [Decorations] CAPPING events from decorations provider vscode.git 293
[2021-11-13 23:15:57.917] [exthost] [info] extension host terminating: renderer closed the socket
[2021-11-13 23:15:59.700] [exthost] [info] Extension host with pid 5971 exiting with code 0
