[2021-11-12 22:18:05.479] [exthost] [info] Extension host with pid 13406 started
[2021-11-12 22:18:05.892] [exthost] [info] ExtensionService#_doActivateExtension vscode.microsoft-authentication, startup: false, activationEvent: 'onAuthenticationRequest:microsoft'
[2021-11-12 22:18:05.965] [exthost] [info] ExtensionService#_doActivateExtension vscode.debug-auto-launch, startup: true, activationEvent: '*'
[2021-11-12 22:18:05.971] [exthost] [info] ExtensionService#_doActivateExtension vscode.git, startup: true, activationEvent: '*', root cause: vscode.github
[2021-11-12 22:18:06.405] [exthost] [info] ExtensionService#_doActivateExtension vscode.github, startup: true, activationEvent: '*'
[2021-11-12 22:18:06.417] [exthost] [info] ExtensionService#_doActivateExtension vscode.github-authentication, startup: false, activationEvent: 'onAuthenticationRequest:github'
[2021-11-12 22:18:06.474] [exthost] [info] Eager extensions activated
[2021-11-12 22:18:06.502] [exthost] [info] ExtensionService#_doActivateExtension vscode.merge-conflict, startup: false, activationEvent: 'onStartupFinished'
[2021-11-12 22:18:06.514] [exthost] [info] ExtensionService#_doActivateExtension CoenraadS.bracket-pair-colorizer-2, startup: false, activationEvent: 'onStartupFinished'
[2021-11-12 22:19:07.526] [exthost] [info] extension host terminating: renderer closed the socket
[2021-11-12 22:19:08.554] [exthost] [info] Extension host with pid 13406 exiting with code 0
[2021-11-12 22:19:11.139] [exthost] [info] Extension host with pid 13505 started
[2021-11-12 22:19:11.139] [exthost] [info] Skipping acquiring lock for /home/redes/Escritorio/tarea2-sd/tarea1-sd/~/.vscode-root/User/workspaceStorage/ff63ce6f469806ab1f5dc09eb2aec786.
[2021-11-12 22:19:11.438] [exthost] [info] ExtensionService#_doActivateExtension vscode.microsoft-authentication, startup: false, activationEvent: 'onAuthenticationRequest:microsoft'
[2021-11-12 22:19:11.461] [exthost] [info] ExtensionService#_doActivateExtension vscode.debug-auto-launch, startup: true, activationEvent: '*'
[2021-11-12 22:19:11.464] [exthost] [info] ExtensionService#_doActivateExtension vscode.git, startup: true, activationEvent: '*', root cause: vscode.github
[2021-11-12 22:19:11.485] [exthost] [info] ExtensionService#_doActivateExtension vscode.npm, startup: true, activationEvent: 'workspaceContains:package.json'
[2021-11-12 22:19:11.855] [exthost] [info] ExtensionService#_doActivateExtension vscode.github, startup: true, activationEvent: '*'
[2021-11-12 22:19:11.873] [exthost] [info] ExtensionService#_doActivateExtension vscode.github-authentication, startup: false, activationEvent: 'onAuthenticationRequest:github'
[2021-11-12 22:19:12.081] [exthost] [warning] [Decorations] CAPPING events from decorations provider vscode.git 258
[2021-11-12 22:19:12.165] [exthost] [info] Eager extensions activated
[2021-11-12 22:19:12.437] [exthost] [info] ExtensionService#_doActivateExtension CoenraadS.bracket-pair-colorizer-2, startup: false, activationEvent: 'onStartupFinished'
[2021-11-12 22:19:12.451] [exthost] [info] ExtensionService#_doActivateExtension vscode.merge-conflict, startup: false, activationEvent: 'onStartupFinished'
[2021-11-12 22:19:16.817] [exthost] [info] ExtensionService#_doActivateExtension vscode.typescript-language-features, startup: false, activationEvent: 'onLanguage:javascript'
[2021-11-12 22:19:19.908] [exthost] [warning] [Decorations] CAPPING events from decorations provider vscode.git 278
[2021-11-12 22:22:54.131] [exthost] [warning] [Decorations] CAPPING events from decorations provider vscode.git 299
[2021-11-12 22:25:30.808] [exthost] [warning] [Decorations] CAPPING events from decorations provider vscode.git 300
[2021-11-12 22:25:35.917] [exthost] [warning] [Decorations] CAPPING events from decorations provider vscode.git 300
[2021-11-12 22:25:58.091] [exthost] [warning] [Decorations] CAPPING events from decorations provider vscode.git 300
[2021-11-12 22:26:09.931] [exthost] [warning] [Decorations] CAPPING events from decorations provider vscode.git 301
[2021-11-12 22:31:37.020] [exthost] [warning] [Decorations] CAPPING events from decorations provider vscode.git 301
[2021-11-12 22:33:06.144] [exthost] [warning] [Decorations] CAPPING events from decorations provider vscode.git 301
[2021-11-12 22:36:51.422] [exthost] [warning] [Decorations] CAPPING events from decorations provider vscode.git 301
[2021-11-12 22:43:54.374] [exthost] [warning] [Decorations] CAPPING events from decorations provider vscode.git 301
[2021-11-12 22:45:10.927] [exthost] [warning] [Decorations] CAPPING events from decorations provider vscode.git 301
[2021-11-12 22:45:48.464] [exthost] [warning] [Decorations] CAPPING events from decorations provider vscode.git 301
[2021-11-12 22:46:49.394] [exthost] [warning] [Decorations] CAPPING events from decorations provider vscode.git 301
[2021-11-12 22:46:59.064] [exthost] [warning] [Decorations] CAPPING events from decorations provider vscode.git 301
[2021-11-12 22:47:29.621] [exthost] [warning] [Decorations] CAPPING events from decorations provider vscode.git 301
[2021-11-12 22:48:09.803] [exthost] [warning] [Decorations] CAPPING events from decorations provider vscode.git 302
[2021-11-12 22:48:15.966] [exthost] [warning] [Decorations] CAPPING events from decorations provider vscode.git 302
[2021-11-12 22:48:42.439] [exthost] [warning] [Decorations] CAPPING events from decorations provider vscode.git 302
[2021-11-12 22:49:36.289] [exthost] [warning] [Decorations] CAPPING events from decorations provider vscode.git 302
[2021-11-12 22:50:11.340] [exthost] [warning] [Decorations] CAPPING events from decorations provider vscode.git 302
[2021-11-12 22:50:53.244] [exthost] [warning] [Decorations] CAPPING events from decorations provider vscode.git 302
[2021-11-12 22:54:12.226] [exthost] [warning] [Decorations] CAPPING events from decorations provider vscode.git 303
[2021-11-12 22:54:17.334] [exthost] [warning] [Decorations] CAPPING events from decorations provider vscode.git 303
[2021-11-12 22:54:24.052] [exthost] [warning] [Decorations] CAPPING events from decorations provider vscode.git 303
[2021-11-12 22:55:19.472] [exthost] [warning] [Decorations] CAPPING events from decorations provider vscode.git 302
[2021-11-12 22:55:51.041] [exthost] [warning] [Decorations] CAPPING events from decorations provider vscode.git 302
[2021-11-12 22:57:41.033] [exthost] [warning] [Decorations] CAPPING events from decorations provider vscode.git 302
[2021-11-12 22:59:53.795] [exthost] [warning] [Decorations] CAPPING events from decorations provider vscode.git 302
[2021-11-12 23:00:45.097] [exthost] [warning] [Decorations] CAPPING events from decorations provider vscode.git 302
[2021-11-12 23:01:18.571] [exthost] [warning] [Decorations] CAPPING events from decorations provider vscode.git 302
[2021-11-12 23:01:31.689] [exthost] [warning] [Decorations] CAPPING events from decorations provider vscode.git 302
[2021-11-12 23:01:58.461] [exthost] [warning] [Decorations] CAPPING events from decorations provider vscode.git 302
[2021-11-12 23:03:21.906] [exthost] [warning] [Decorations] CAPPING events from decorations provider vscode.git 302
[2021-11-12 23:05:18.971] [exthost] [warning] [Decorations] CAPPING events from decorations provider vscode.git 302
[2021-11-12 23:07:12.041] [exthost] [warning] [Decorations] CAPPING events from decorations provider vscode.git 302
[2021-11-12 23:07:32.217] [exthost] [warning] [Decorations] CAPPING events from decorations provider vscode.git 302
[2021-11-12 23:09:20.633] [exthost] [warning] [Decorations] CAPPING events from decorations provider vscode.git 302
[2021-11-12 23:09:25.716] [exthost] [warning] [Decorations] CAPPING events from decorations provider vscode.git 302
[2021-11-12 23:09:56.341] [exthost] [warning] [Decorations] CAPPING events from decorations provider vscode.git 302
[2021-11-12 23:10:45.522] [exthost] [warning] [Decorations] CAPPING events from decorations provider vscode.git 302
[2021-11-12 23:10:55.387] [exthost] [warning] [Decorations] CAPPING events from decorations provider vscode.git 302
[2021-11-12 23:11:39.851] [exthost] [warning] [Decorations] CAPPING events from decorations provider vscode.git 302
[2021-11-12 23:11:53.381] [exthost] [warning] [Decorations] CAPPING events from decorations provider vscode.git 302
[2021-11-12 23:12:40.554] [exthost] [warning] [Decorations] CAPPING events from decorations provider vscode.git 302
[2021-11-12 23:13:26.800] [exthost] [warning] [Decorations] CAPPING events from decorations provider vscode.git 302
[2021-11-12 23:14:39.737] [exthost] [warning] [Decorations] CAPPING events from decorations provider vscode.git 302
[2021-11-12 23:14:55.308] [exthost] [warning] [Decorations] CAPPING events from decorations provider vscode.git 302
[2021-11-12 23:15:05.834] [exthost] [warning] [Decorations] CAPPING events from decorations provider vscode.git 302
[2021-11-12 23:15:35.006] [exthost] [warning] [Decorations] CAPPING events from decorations provider vscode.git 302
[2021-11-12 23:15:40.415] [exthost] [warning] [Decorations] CAPPING events from decorations provider vscode.git 302
[2021-11-12 23:16:34.057] [exthost] [warning] [Decorations] CAPPING events from decorations provider vscode.git 302
[2021-11-12 23:18:01.312] [exthost] [warning] [Decorations] CAPPING events from decorations provider vscode.git 302
[2021-11-12 23:18:12.346] [exthost] [warning] [Decorations] CAPPING events from decorations provider vscode.git 304
[2021-11-12 23:19:40.945] [exthost] [warning] [Decorations] CAPPING events from decorations provider vscode.git 304
[2021-11-12 23:28:11.227] [exthost] [warning] [Decorations] CAPPING events from decorations provider vscode.git 304
[2021-11-12 23:28:19.819] [exthost] [warning] [Decorations] CAPPING events from decorations provider vscode.git 304
[2021-11-12 23:28:28.152] [exthost] [warning] [Decorations] CAPPING events from decorations provider vscode.git 304
[2021-11-12 23:29:06.232] [exthost] [warning] [Decorations] CAPPING events from decorations provider vscode.git 304
[2021-11-12 23:30:24.005] [exthost] [warning] [Decorations] CAPPING events from decorations provider vscode.git 304
[2021-11-12 23:31:57.015] [exthost] [warning] [Decorations] CAPPING events from decorations provider vscode.git 304
[2021-11-12 23:32:13.228] [exthost] [warning] [Decorations] CAPPING events from decorations provider vscode.git 304
[2021-11-12 23:33:19.482] [exthost] [warning] [Decorations] CAPPING events from decorations provider vscode.git 304
[2021-11-12 23:34:32.571] [exthost] [warning] [Decorations] CAPPING events from decorations provider vscode.git 304
[2021-11-12 23:35:30.344] [exthost] [warning] [Decorations] CAPPING events from decorations provider vscode.git 304
[2021-11-12 23:36:27.250] [exthost] [warning] [Decorations] CAPPING events from decorations provider vscode.git 304
[2021-11-12 23:38:14.246] [exthost] [warning] [Decorations] CAPPING events from decorations provider vscode.git 304
[2021-11-12 23:38:42.086] [exthost] [warning] [Decorations] CAPPING events from decorations provider vscode.git 304
[2021-11-12 23:42:41.649] [exthost] [warning] [Decorations] CAPPING events from decorations provider vscode.git 304
[2021-11-12 23:43:29.178] [exthost] [warning] [Decorations] CAPPING events from decorations provider vscode.git 304
[2021-11-12 23:46:59.681] [exthost] [warning] [Decorations] CAPPING events from decorations provider vscode.git 304
[2021-11-12 23:47:15.221] [exthost] [warning] [Decorations] CAPPING events from decorations provider vscode.git 304
[2021-11-12 23:49:03.153] [exthost] [warning] [Decorations] CAPPING events from decorations provider vscode.git 304
[2021-11-12 23:49:22.459] [exthost] [warning] [Decorations] CAPPING events from decorations provider vscode.git 304
[2021-11-12 23:50:11.222] [exthost] [warning] [Decorations] CAPPING events from decorations provider vscode.git 304
[2021-11-12 23:50:41.738] [exthost] [warning] [Decorations] CAPPING events from decorations provider vscode.git 304
[2021-11-12 23:50:52.230] [exthost] [warning] [Decorations] CAPPING events from decorations provider vscode.git 304
[2021-11-12 23:53:51.396] [exthost] [warning] [Decorations] CAPPING events from decorations provider vscode.git 304
[2021-11-12 23:54:08.358] [exthost] [warning] [Decorations] CAPPING events from decorations provider vscode.git 304
[2021-11-12 23:54:49.478] [exthost] [warning] [Decorations] CAPPING events from decorations provider vscode.git 304
[2021-11-13 00:21:17.229] [exthost] [warning] [Decorations] CAPPING events from decorations provider vscode.git 304
[2021-11-13 00:24:51.190] [exthost] [warning] [Decorations] CAPPING events from decorations provider vscode.git 304
[2021-11-13 00:25:37.927] [exthost] [warning] [Decorations] CAPPING events from decorations provider vscode.git 304
[2021-11-13 00:38:03.185] [exthost] [warning] [Decorations] CAPPING events from decorations provider vscode.git 304
[2021-11-13 00:38:08.246] [exthost] [warning] [Decorations] CAPPING events from decorations provider vscode.git 305
[2021-11-13 00:38:39.519] [exthost] [warning] [Decorations] CAPPING events from decorations provider vscode.git 305
[2021-11-13 00:39:00.680] [exthost] [warning] [Decorations] CAPPING events from decorations provider vscode.git 304
[2021-11-13 00:39:53.953] [exthost] [warning] [Decorations] CAPPING events from decorations provider vscode.git 304
[2021-11-13 00:42:12.267] [exthost] [warning] [Decorations] CAPPING events from decorations provider vscode.git 304
[2021-11-13 00:43:30.820] [exthost] [warning] [Decorations] CAPPING events from decorations provider vscode.git 304
[2021-11-13 01:00:40.689] [exthost] [warning] [Decorations] CAPPING events from decorations provider vscode.git 304
[2021-11-13 01:00:45.757] [exthost] [warning] [Decorations] CAPPING events from decorations provider vscode.git 304
[2021-11-13 01:01:03.589] [exthost] [warning] [Decorations] CAPPING events from decorations provider vscode.git 304
[2021-11-13 01:02:09.260] [exthost] [warning] [Decorations] CAPPING events from decorations provider vscode.git 304
[2021-11-13 01:08:29.303] [exthost] [warning] [Decorations] CAPPING events from decorations provider vscode.git 304
[2021-11-13 01:08:39.448] [exthost] [warning] [Decorations] CAPPING events from decorations provider vscode.git 304
[2021-11-13 01:11:14.026] [exthost] [warning] [Decorations] CAPPING events from decorations provider vscode.git 304
[2021-11-13 01:12:46.176] [exthost] [warning] [Decorations] CAPPING events from decorations provider vscode.git 304
[2021-11-13 01:31:58.964] [exthost] [warning] [Decorations] CAPPING events from decorations provider vscode.git 304
[2021-11-13 01:32:38.403] [exthost] [warning] [Decorations] CAPPING events from decorations provider vscode.git 304
[2021-11-13 01:33:22.259] [exthost] [warning] [Decorations] CAPPING events from decorations provider vscode.git 304
[2021-11-13 01:33:32.838] [exthost] [warning] [Decorations] CAPPING events from decorations provider vscode.git 304
[2021-11-13 01:34:41.965] [exthost] [warning] [Decorations] CAPPING events from decorations provider vscode.git 304
[2021-11-13 01:54:43.578] [exthost] [info] extension host terminating: renderer closed the socket
[2021-11-13 01:54:45.327] [exthost] [info] Extension host with pid 13505 exiting with code 0
